16:03:46.438 [main] INFO  com.solvd.laba.block1.task2_oop.DeliveryService - Welcome to our delivery service!

16:03:46.440 [main] INFO  com.solvd.laba.block1.task2_oop.DeliveryService - Printing order info into console
16:03:46.441 [main] INFO  com.solvd.laba.block1.task2_oop.DeliveryOrder - Creating a delivery order...

16:03:46.454 [main] INFO  com.solvd.laba.block1.task2_oop.DeliveryService - Printing delivery order details
16:03:46.454 [main] INFO  com.solvd.laba.block1.task2_oop.DeliveryService - Delivery cost: 129.0
16:03:46.454 [main] INFO  com.solvd.laba.block1.task2_oop.DeliveryService - Printing order info into file
16:03:46.455 [main] INFO  com.solvd.laba.block1.task2_oop.DeliveryService - Printing delivery order details
16:03:46.455 [main] INFO  com.solvd.laba.block1.task2_oop.DeliveryService - Delivery cost: 129.0
16:05:08.414 [main] INFO  com.solvd.laba.block1.task2_oop.DeliveryService - Welcome to our delivery service!

16:05:08.416 [main] INFO  com.solvd.laba.block1.task2_oop.DeliveryService - Printing order info into console
16:05:08.417 [main] INFO  com.solvd.laba.block1.task2_oop.DeliveryOrder - Creating a delivery order...

16:05:08.421 [main] ERROR com.solvd.laba.block1.task2_oop.DeliveryService - Invalid address format
16:05:08.422 [main] ERROR com.solvd.laba.block1.task2_oop.DeliveryService - Error calculating delivery cost: Cannot invoke "com.solvd.laba.block1.task2_oop.Item.getWeight()" because the return value of "com.solvd.laba.block1.task2_oop.DeliveryOrder.getItem()" is null
16:05:08.422 [main] INFO  com.solvd.laba.block1.task2_oop.DeliveryService - Printing order info into file
16:05:08.423 [main] ERROR com.solvd.laba.block1.task2_oop.DeliveryService - Invalid address format
16:05:08.423 [main] ERROR com.solvd.laba.block1.task2_oop.DeliveryService - Error calculating delivery cost: Cannot invoke "com.solvd.laba.block1.task2_oop.Item.getWeight()" because the return value of "com.solvd.laba.block1.task2_oop.DeliveryOrder.getItem()" is null
16:05:21.772 [main] INFO  com.solvd.laba.block1.task2_oop.DeliveryService - Welcome to our delivery service!

16:05:21.774 [main] INFO  com.solvd.laba.block1.task2_oop.DeliveryService - Printing order info into console
16:05:21.775 [main] INFO  com.solvd.laba.block1.task2_oop.DeliveryOrder - Creating a delivery order...

16:05:21.779 [main] ERROR com.solvd.laba.block1.task2_oop.DeliveryService - Invalid email format
16:05:21.780 [main] ERROR com.solvd.laba.block1.task2_oop.DeliveryService - Error calculating delivery cost: Cannot invoke "com.solvd.laba.block1.task2_oop.Item.getWeight()" because the return value of "com.solvd.laba.block1.task2_oop.DeliveryOrder.getItem()" is null
16:05:21.780 [main] INFO  com.solvd.laba.block1.task2_oop.DeliveryService - Printing order info into file
16:05:21.780 [main] ERROR com.solvd.laba.block1.task2_oop.DeliveryService - Invalid email format
16:05:21.781 [main] ERROR com.solvd.laba.block1.task2_oop.DeliveryService - Error calculating delivery cost: Cannot invoke "com.solvd.laba.block1.task2_oop.Item.getWeight()" because the return value of "com.solvd.laba.block1.task2_oop.DeliveryOrder.getItem()" is null
16:05:48.480 [main] INFO  com.solvd.laba.block1.task2_oop.DeliveryService - Welcome to our delivery service!

16:05:48.481 [main] INFO  com.solvd.laba.block1.task2_oop.DeliveryService - Printing order info into console
16:05:48.482 [main] INFO  com.solvd.laba.block1.task2_oop.DeliveryOrder - Creating a delivery order...

16:05:48.495 [main] INFO  com.solvd.laba.block1.task2_oop.DeliveryService - Printing delivery order details
16:05:48.495 [main] INFO  com.solvd.laba.block1.task2_oop.DeliveryService - Delivery cost: 129.0
16:05:48.495 [main] INFO  com.solvd.laba.block1.task2_oop.DeliveryService - Printing order info into file
16:05:48.496 [main] INFO  com.solvd.laba.block1.task2_oop.DeliveryService - Printing delivery order details
16:05:48.496 [main] INFO  com.solvd.laba.block1.task2_oop.DeliveryService - Delivery cost: 129.0
